info: Microsoft.Hosting.Lifetime[14]
      Now listening on: http://0.0.0.0:12000
2025-10-25 08:18:02.9670|INFO|Microsoft.Hosting.Lifetime|Now listening on: http://0.0.0.0:12000
info: Microsoft.Hosting.Lifetime[0]
      Application started. Press Ctrl+C to shut down.
2025-10-25 08:18:02.9913|INFO|Microsoft.Hosting.Lifetime|Application started. Press Ctrl+C to shut down.
info: Microsoft.Hosting.Lifetime[0]
      Hosting environment: Development
2025-10-25 08:18:02.9921|INFO|Microsoft.Hosting.Lifetime|Hosting environment: Development
info: Microsoft.Hosting.Lifetime[0]
      Content root path: /workspace/duanxkld24-10/NhanVietSolution/NhanViet.Website
2025-10-25 08:18:02.9921|INFO|Microsoft.Hosting.Lifetime|Content root path: /workspace/duanxkld24-10/NhanVietSolution/NhanViet.Website
warn: Microsoft.AspNetCore.HttpsPolicy.HttpsRedirectionMiddleware[3]
      Failed to determine the https port for redirect.
fail: Microsoft.AspNetCore.Diagnostics.DeveloperExceptionPageMiddleware[1]
      An unhandled exception has occurred while executing the request.
      System.ArgumentException: An item with the same key has already been added. Key: area
         at System.Collections.Generic.Dictionary`2.TryInsert(TKey key, TValue value, InsertionBehavior behavior)
         at System.Collections.Generic.Dictionary`2.Add(TKey key, TValue value)
         at OrchardCore.Mvc.ModularApplicationModelProvider.OnProvidersExecuted(ApplicationModelProviderContext context)
         at Microsoft.AspNetCore.Mvc.ApplicationModels.ApplicationModelFactory.CreateApplicationModel(IEnumerable`1 controllerTypes)
         at Microsoft.AspNetCore.Mvc.ApplicationModels.ControllerActionDescriptorProvider.GetDescriptors()
         at Microsoft.AspNetCore.Mvc.ApplicationModels.ControllerActionDescriptorProvider.OnProvidersExecuting(ActionDescriptorProviderContext context)
         at Microsoft.AspNetCore.Mvc.Infrastructure.DefaultActionDescriptorCollectionProvider.UpdateCollection()
         at Microsoft.AspNetCore.Mvc.Infrastructure.DefaultActionDescriptorCollectionProvider.Initialize()
         at Microsoft.AspNetCore.Mvc.Infrastructure.DefaultActionDescriptorCollectionProvider.GetChangeToken()
         at Microsoft.Extensions.Primitives.ChangeToken.ChangeTokenRegistration`1..ctor(Func`1 changeTokenProducer, Action`1 changeTokenConsumer, TState state)
         at Microsoft.Extensions.Primitives.ChangeToken.OnChange(Func`1 changeTokenProducer, Action changeTokenConsumer)
         at Microsoft.AspNetCore.Mvc.Routing.ActionEndpointDataSourceBase.Subscribe()
         at Microsoft.AspNetCore.Builder.ControllerEndpointRouteBuilderExtensions.GetOrCreateDataSource(IEndpointRouteBuilder endpoints)
         at Microsoft.AspNetCore.Builder.ControllerEndpointRouteBuilderExtensions.MapDynamicControllerRoute[TTransformer](IEndpointRouteBuilder endpoints, String pattern, Object state)
         at OrchardCore.HomeRoute.Startup.Configure(IApplicationBuilder app, IEndpointRouteBuilder routes, IServiceProvider serviceProvider)
         at OrchardCore.Modules.ShellPipelineExtensions.ConfigurePipelineAsync(ApplicationBuilder builder)
         at OrchardCore.Modules.ShellPipelineExtensions.BuildPipelineInternalAsync(ShellContext context)
         at OrchardCore.Modules.ShellPipelineExtensions.BuildPipelineAsync(ShellContext context)
         at OrchardCore.Modules.ModularTenantRouterMiddleware.Invoke(HttpContext httpContext)
         at OrchardCore.Modules.ModularTenantContainerMiddleware.<>c__DisplayClass4_0.<<Invoke>b__0>d.MoveNext()
      --- End of stack trace from previous location ---
         at OrchardCore.Environment.Shell.Scope.ShellScope.UsingAsync(Func`2 execute, Boolean activateShell)
         at OrchardCore.Environment.Shell.Scope.ShellScope.UsingAsync(Func`2 execute, Boolean activateShell)
         at OrchardCore.Environment.Shell.Scope.ShellScope.UsingAsync(Func`2 execute, Boolean activateShell)
         at OrchardCore.Environment.Shell.Scope.ShellScope.UsingAsync(Func`2 execute, Boolean activateShell)
         at OrchardCore.Environment.Shell.Scope.ShellScope.UsingAsync(Func`2 execute, Boolean activateShell)
         at OrchardCore.Modules.ModularTenantContainerMiddleware.Invoke(HttpContext httpContext)
         at Microsoft.AspNetCore.Authentication.AuthenticationMiddleware.Invoke(HttpContext context)
         at Microsoft.AspNetCore.Diagnostics.DeveloperExceptionPageMiddlewareImpl.Invoke(HttpContext context)
fail: Microsoft.AspNetCore.Diagnostics.DeveloperExceptionPageMiddleware[1]
      An unhandled exception has occurred while executing the request.
      System.ArgumentException: An item with the same key has already been added. Key: area
         at System.Collections.Generic.Dictionary`2.TryInsert(TKey key, TValue value, InsertionBehavior behavior)
         at System.Collections.Generic.Dictionary`2.Add(TKey key, TValue value)
         at OrchardCore.Mvc.ModularApplicationModelProvider.OnProvidersExecuted(ApplicationModelProviderContext context)
         at Microsoft.AspNetCore.Mvc.ApplicationModels.ApplicationModelFactory.CreateApplicationModel(IEnumerable`1 controllerTypes)
         at Microsoft.AspNetCore.Mvc.ApplicationModels.ControllerActionDescriptorProvider.GetDescriptors()
         at Microsoft.AspNetCore.Mvc.ApplicationModels.ControllerActionDescriptorProvider.OnProvidersExecuting(ActionDescriptorProviderContext context)
         at Microsoft.AspNetCore.Mvc.Infrastructure.DefaultActionDescriptorCollectionProvider.UpdateCollection()
         at Microsoft.AspNetCore.Mvc.Infrastructure.DefaultActionDescriptorCollectionProvider.Initialize()
         at Microsoft.AspNetCore.Mvc.Infrastructure.DefaultActionDescriptorCollectionProvider.GetChangeToken()
         at Microsoft.Extensions.Primitives.ChangeToken.ChangeTokenRegistration`1..ctor(Func`1 changeTokenProducer, Action`1 changeTokenConsumer, TState state)
         at Microsoft.Extensions.Primitives.ChangeToken.OnChange(Func`1 changeTokenProducer, Action changeTokenConsumer)
         at Microsoft.AspNetCore.Mvc.Routing.ActionEndpointDataSourceBase.Subscribe()
         at Microsoft.AspNetCore.Builder.ControllerEndpointRouteBuilderExtensions.GetOrCreateDataSource(IEndpointRouteBuilder endpoints)
         at Microsoft.AspNetCore.Builder.ControllerEndpointRouteBuilderExtensions.MapDynamicControllerRoute[TTransformer](IEndpointRouteBuilder endpoints, String pattern, Object state)
         at OrchardCore.HomeRoute.Startup.Configure(IApplicationBuilder app, IEndpointRouteBuilder routes, IServiceProvider serviceProvider)
         at OrchardCore.Modules.ShellPipelineExtensions.ConfigurePipelineAsync(ApplicationBuilder builder)
         at OrchardCore.Modules.ShellPipelineExtensions.BuildPipelineInternalAsync(ShellContext context)
         at OrchardCore.Modules.ShellPipelineExtensions.BuildPipelineAsync(ShellContext context)
         at OrchardCore.Modules.ModularTenantRouterMiddleware.Invoke(HttpContext httpContext)
         at OrchardCore.Modules.ModularTenantContainerMiddleware.<>c__DisplayClass4_0.<<Invoke>b__0>d.MoveNext()
      --- End of stack trace from previous location ---
         at OrchardCore.Environment.Shell.Scope.ShellScope.UsingAsync(Func`2 execute, Boolean activateShell)
         at OrchardCore.Environment.Shell.Scope.ShellScope.UsingAsync(Func`2 execute, Boolean activateShell)
         at OrchardCore.Environment.Shell.Scope.ShellScope.UsingAsync(Func`2 execute, Boolean activateShell)
         at OrchardCore.Environment.Shell.Scope.ShellScope.UsingAsync(Func`2 execute, Boolean activateShell)
         at OrchardCore.Environment.Shell.Scope.ShellScope.UsingAsync(Func`2 execute, Boolean activateShell)
         at OrchardCore.Modules.ModularTenantContainerMiddleware.Invoke(HttpContext httpContext)
         at Microsoft.AspNetCore.Authentication.AuthenticationMiddleware.Invoke(HttpContext context)
         at Microsoft.AspNetCore.Diagnostics.DeveloperExceptionPageMiddlewareImpl.Invoke(HttpContext context)
fail: Microsoft.AspNetCore.Diagnostics.DeveloperExceptionPageMiddleware[1]
      An unhandled exception has occurred while executing the request.
      System.ArgumentException: An item with the same key has already been added. Key: area
         at System.Collections.Generic.Dictionary`2.TryInsert(TKey key, TValue value, InsertionBehavior behavior)
         at System.Collections.Generic.Dictionary`2.Add(TKey key, TValue value)
         at OrchardCore.Mvc.ModularApplicationModelProvider.OnProvidersExecuted(ApplicationModelProviderContext context)
         at Microsoft.AspNetCore.Mvc.ApplicationModels.ApplicationModelFactory.CreateApplicationModel(IEnumerable`1 controllerTypes)
         at Microsoft.AspNetCore.Mvc.ApplicationModels.ControllerActionDescriptorProvider.GetDescriptors()
         at Microsoft.AspNetCore.Mvc.ApplicationModels.ControllerActionDescriptorProvider.OnProvidersExecuting(ActionDescriptorProviderContext context)
         at Microsoft.AspNetCore.Mvc.Infrastructure.DefaultActionDescriptorCollectionProvider.UpdateCollection()
         at Microsoft.AspNetCore.Mvc.Infrastructure.DefaultActionDescriptorCollectionProvider.Initialize()
         at Microsoft.AspNetCore.Mvc.Infrastructure.DefaultActionDescriptorCollectionProvider.GetChangeToken()
         at Microsoft.Extensions.Primitives.ChangeToken.OnChange(Func`1 changeTokenProducer, Action changeTokenConsumer)
         at Microsoft.AspNetCore.Mvc.Routing.ActionEndpointDataSourceBase.Subscribe()
         at Microsoft.AspNetCore.Builder.ControllerEndpointRouteBuilderExtensions.GetOrCreateDataSource(IEndpointRouteBuilder endpoints)
         at Microsoft.AspNetCore.Builder.ControllerEndpointRouteBuilderExtensions.MapDynamicControllerRoute[TTransformer](IEndpointRouteBuilder endpoints, String pattern, Object state)
         at OrchardCore.HomeRoute.Startup.Configure(IApplicationBuilder app, IEndpointRouteBuilder routes, IServiceProvider serviceProvider)
         at OrchardCore.Modules.ShellPipelineExtensions.ConfigurePipelineAsync(ApplicationBuilder builder)
         at OrchardCore.Modules.ShellPipelineExtensions.BuildPipelineInternalAsync(ShellContext context)
         at OrchardCore.Modules.ShellPipelineExtensions.BuildPipelineAsync(ShellContext context)
         at OrchardCore.Modules.ModularTenantRouterMiddleware.Invoke(HttpContext httpContext)
         at OrchardCore.Modules.ModularTenantContainerMiddleware.<>c__DisplayClass4_0.<<Invoke>b__0>d.MoveNext()
      --- End of stack trace from previous location ---
         at OrchardCore.Environment.Shell.Scope.ShellScope.UsingAsync(Func`2 execute, Boolean activateShell)
         at OrchardCore.Environment.Shell.Scope.ShellScope.UsingAsync(Func`2 execute, Boolean activateShell)
         at OrchardCore.Environment.Shell.Scope.ShellScope.UsingAsync(Func`2 execute, Boolean activateShell)
         at OrchardCore.Environment.Shell.Scope.ShellScope.UsingAsync(Func`2 execute, Boolean activateShell)
         at OrchardCore.Environment.Shell.Scope.ShellScope.UsingAsync(Func`2 execute, Boolean activateShell)
         at OrchardCore.Modules.ModularTenantContainerMiddleware.Invoke(HttpContext httpContext)
         at Microsoft.AspNetCore.Authentication.AuthenticationMiddleware.Invoke(HttpContext context)
         at Microsoft.AspNetCore.Diagnostics.DeveloperExceptionPageMiddlewareImpl.Invoke(HttpContext context)
fail: Microsoft.AspNetCore.Diagnostics.DeveloperExceptionPageMiddleware[1]
      An unhandled exception has occurred while executing the request.
      System.ArgumentException: An item with the same key has already been added. Key: area
         at System.Collections.Generic.Dictionary`2.TryInsert(TKey key, TValue value, InsertionBehavior behavior)
         at System.Collections.Generic.Dictionary`2.Add(TKey key, TValue value)
         at OrchardCore.Mvc.ModularApplicationModelProvider.OnProvidersExecuted(ApplicationModelProviderContext context)
         at Microsoft.AspNetCore.Mvc.ApplicationModels.ApplicationModelFactory.CreateApplicationModel(IEnumerable`1 controllerTypes)
         at Microsoft.AspNetCore.Mvc.ApplicationModels.ControllerActionDescriptorProvider.GetDescriptors()
         at Microsoft.AspNetCore.Mvc.ApplicationModels.ControllerActionDescriptorProvider.OnProvidersExecuting(ActionDescriptorProviderContext context)
         at Microsoft.AspNetCore.Mvc.Infrastructure.DefaultActionDescriptorCollectionProvider.UpdateCollection()
         at Microsoft.AspNetCore.Mvc.Infrastructure.DefaultActionDescriptorCollectionProvider.Initialize()
         at Microsoft.AspNetCore.Mvc.Infrastructure.DefaultActionDescriptorCollectionProvider.GetChangeToken()
         at Microsoft.Extensions.Primitives.ChangeToken.OnChange(Func`1 changeTokenProducer, Action changeTokenConsumer)
         at Microsoft.AspNetCore.Mvc.Routing.ActionEndpointDataSourceBase.Subscribe()
         at Microsoft.AspNetCore.Builder.ControllerEndpointRouteBuilderExtensions.GetOrCreateDataSource(IEndpointRouteBuilder endpoints)
         at Microsoft.AspNetCore.Builder.ControllerEndpointRouteBuilderExtensions.MapDynamicControllerRoute[TTransformer](IEndpointRouteBuilder endpoints, String pattern, Object state)
         at OrchardCore.HomeRoute.Startup.Configure(IApplicationBuilder app, IEndpointRouteBuilder routes, IServiceProvider serviceProvider)
         at OrchardCore.Modules.ShellPipelineExtensions.ConfigurePipelineAsync(ApplicationBuilder builder)
         at OrchardCore.Modules.ShellPipelineExtensions.BuildPipelineInternalAsync(ShellContext context)
         at OrchardCore.Modules.ShellPipelineExtensions.BuildPipelineAsync(ShellContext context)
         at OrchardCore.Modules.ModularTenantRouterMiddleware.Invoke(HttpContext httpContext)
         at OrchardCore.Modules.ModularTenantContainerMiddleware.<>c__DisplayClass4_0.<<Invoke>b__0>d.MoveNext()
      --- End of stack trace from previous location ---
         at OrchardCore.Environment.Shell.Scope.ShellScope.UsingAsync(Func`2 execute, Boolean activateShell)
         at OrchardCore.Environment.Shell.Scope.ShellScope.UsingAsync(Func`2 execute, Boolean activateShell)
         at OrchardCore.Environment.Shell.Scope.ShellScope.UsingAsync(Func`2 execute, Boolean activateShell)
         at OrchardCore.Environment.Shell.Scope.ShellScope.UsingAsync(Func`2 execute, Boolean activateShell)
         at OrchardCore.Environment.Shell.Scope.ShellScope.UsingAsync(Func`2 execute, Boolean activateShell)
         at OrchardCore.Modules.ModularTenantContainerMiddleware.Invoke(HttpContext httpContext)
         at Microsoft.AspNetCore.Authentication.AuthenticationMiddleware.Invoke(HttpContext context)
         at Microsoft.AspNetCore.Diagnostics.DeveloperExceptionPageMiddlewareImpl.Invoke(HttpContext context)
fail: Microsoft.AspNetCore.Diagnostics.DeveloperExceptionPageMiddleware[1]
      An unhandled exception has occurred while executing the request.
      System.ArgumentException: An item with the same key has already been added. Key: area
         at System.Collections.Generic.Dictionary`2.TryInsert(TKey key, TValue value, InsertionBehavior behavior)
         at System.Collections.Generic.Dictionary`2.Add(TKey key, TValue value)
         at OrchardCore.Mvc.ModularApplicationModelProvider.OnProvidersExecuted(ApplicationModelProviderContext context)
         at Microsoft.AspNetCore.Mvc.ApplicationModels.ApplicationModelFactory.CreateApplicationModel(IEnumerable`1 controllerTypes)
         at Microsoft.AspNetCore.Mvc.ApplicationModels.ControllerActionDescriptorProvider.GetDescriptors()
         at Microsoft.AspNetCore.Mvc.ApplicationModels.ControllerActionDescriptorProvider.OnProvidersExecuting(ActionDescriptorProviderContext context)
         at Microsoft.AspNetCore.Mvc.Infrastructure.DefaultActionDescriptorCollectionProvider.UpdateCollection()
         at Microsoft.AspNetCore.Mvc.Infrastructure.DefaultActionDescriptorCollectionProvider.Initialize()
         at Microsoft.AspNetCore.Mvc.Infrastructure.DefaultActionDescriptorCollectionProvider.GetChangeToken()
         at Microsoft.Extensions.Primitives.ChangeToken.OnChange(Func`1 changeTokenProducer, Action changeTokenConsumer)
         at Microsoft.AspNetCore.Mvc.Routing.ActionEndpointDataSourceBase.Subscribe()
         at Microsoft.AspNetCore.Builder.ControllerEndpointRouteBuilderExtensions.GetOrCreateDataSource(IEndpointRouteBuilder endpoints)
         at Microsoft.AspNetCore.Builder.ControllerEndpointRouteBuilderExtensions.MapDynamicControllerRoute[TTransformer](IEndpointRouteBuilder endpoints, String pattern, Object state)
         at OrchardCore.HomeRoute.Startup.Configure(IApplicationBuilder app, IEndpointRouteBuilder routes, IServiceProvider serviceProvider)
         at OrchardCore.Modules.ShellPipelineExtensions.ConfigurePipelineAsync(ApplicationBuilder builder)
         at OrchardCore.Modules.ShellPipelineExtensions.BuildPipelineInternalAsync(ShellContext context)
         at OrchardCore.Modules.ShellPipelineExtensions.BuildPipelineAsync(ShellContext context)
         at OrchardCore.Modules.ModularTenantRouterMiddleware.Invoke(HttpContext httpContext)
         at OrchardCore.Modules.ModularTenantContainerMiddleware.<>c__DisplayClass4_0.<<Invoke>b__0>d.MoveNext()
      --- End of stack trace from previous location ---
         at OrchardCore.Environment.Shell.Scope.ShellScope.UsingAsync(Func`2 execute, Boolean activateShell)
         at OrchardCore.Environment.Shell.Scope.ShellScope.UsingAsync(Func`2 execute, Boolean activateShell)
         at OrchardCore.Environment.Shell.Scope.ShellScope.UsingAsync(Func`2 execute, Boolean activateShell)
         at OrchardCore.Environment.Shell.Scope.ShellScope.UsingAsync(Func`2 execute, Boolean activateShell)
         at OrchardCore.Environment.Shell.Scope.ShellScope.UsingAsync(Func`2 execute, Boolean activateShell)
         at OrchardCore.Modules.ModularTenantContainerMiddleware.Invoke(HttpContext httpContext)
         at Microsoft.AspNetCore.Authentication.AuthenticationMiddleware.Invoke(HttpContext context)
         at Microsoft.AspNetCore.Diagnostics.DeveloperExceptionPageMiddlewareImpl.Invoke(HttpContext context)
fail: Microsoft.AspNetCore.Diagnostics.DeveloperExceptionPageMiddleware[1]
      An unhandled exception has occurred while executing the request.
      System.ArgumentException: An item with the same key has already been added. Key: area
         at System.Collections.Generic.Dictionary`2.TryInsert(TKey key, TValue value, InsertionBehavior behavior)
         at System.Collections.Generic.Dictionary`2.Add(TKey key, TValue value)
         at OrchardCore.Mvc.ModularApplicationModelProvider.OnProvidersExecuted(ApplicationModelProviderContext context)
         at Microsoft.AspNetCore.Mvc.ApplicationModels.ApplicationModelFactory.CreateApplicationModel(IEnumerable`1 controllerTypes)
         at Microsoft.AspNetCore.Mvc.ApplicationModels.ControllerActionDescriptorProvider.GetDescriptors()
         at Microsoft.AspNetCore.Mvc.ApplicationModels.ControllerActionDescriptorProvider.OnProvidersExecuting(ActionDescriptorProviderContext context)
         at Microsoft.AspNetCore.Mvc.Infrastructure.DefaultActionDescriptorCollectionProvider.UpdateCollection()
         at Microsoft.AspNetCore.Mvc.Infrastructure.DefaultActionDescriptorCollectionProvider.Initialize()
         at Microsoft.AspNetCore.Mvc.Infrastructure.DefaultActionDescriptorCollectionProvider.GetChangeToken()
         at Microsoft.Extensions.Primitives.ChangeToken.OnChange(Func`1 changeTokenProducer, Action changeTokenConsumer)
         at Microsoft.AspNetCore.Mvc.Routing.ActionEndpointDataSourceBase.Subscribe()
         at Microsoft.AspNetCore.Builder.ControllerEndpointRouteBuilderExtensions.GetOrCreateDataSource(IEndpointRouteBuilder endpoints)
         at Microsoft.AspNetCore.Builder.ControllerEndpointRouteBuilderExtensions.MapDynamicControllerRoute[TTransformer](IEndpointRouteBuilder endpoints, String pattern, Object state)
         at OrchardCore.HomeRoute.Startup.Configure(IApplicationBuilder app, IEndpointRouteBuilder routes, IServiceProvider serviceProvider)
         at OrchardCore.Modules.ShellPipelineExtensions.ConfigurePipelineAsync(ApplicationBuilder builder)
         at OrchardCore.Modules.ShellPipelineExtensions.BuildPipelineInternalAsync(ShellContext context)
         at OrchardCore.Modules.ShellPipelineExtensions.BuildPipelineAsync(ShellContext context)
         at OrchardCore.Modules.ModularTenantRouterMiddleware.Invoke(HttpContext httpContext)
         at OrchardCore.Modules.ModularTenantContainerMiddleware.<>c__DisplayClass4_0.<<Invoke>b__0>d.MoveNext()
      --- End of stack trace from previous location ---
         at OrchardCore.Environment.Shell.Scope.ShellScope.UsingAsync(Func`2 execute, Boolean activateShell)
         at OrchardCore.Environment.Shell.Scope.ShellScope.UsingAsync(Func`2 execute, Boolean activateShell)
         at OrchardCore.Environment.Shell.Scope.ShellScope.UsingAsync(Func`2 execute, Boolean activateShell)
         at OrchardCore.Environment.Shell.Scope.ShellScope.UsingAsync(Func`2 execute, Boolean activateShell)
         at OrchardCore.Environment.Shell.Scope.ShellScope.UsingAsync(Func`2 execute, Boolean activateShell)
         at OrchardCore.Modules.ModularTenantContainerMiddleware.Invoke(HttpContext httpContext)
         at Microsoft.AspNetCore.Authentication.AuthenticationMiddleware.Invoke(HttpContext context)
         at Microsoft.AspNetCore.Diagnostics.DeveloperExceptionPageMiddlewareImpl.Invoke(HttpContext context)
fail: Microsoft.AspNetCore.Diagnostics.DeveloperExceptionPageMiddleware[1]
      An unhandled exception has occurred while executing the request.
      System.ArgumentException: An item with the same key has already been added. Key: area
         at System.Collections.Generic.Dictionary`2.TryInsert(TKey key, TValue value, InsertionBehavior behavior)
         at System.Collections.Generic.Dictionary`2.Add(TKey key, TValue value)
         at OrchardCore.Mvc.ModularApplicationModelProvider.OnProvidersExecuted(ApplicationModelProviderContext context)
         at Microsoft.AspNetCore.Mvc.ApplicationModels.ApplicationModelFactory.CreateApplicationModel(IEnumerable`1 controllerTypes)
         at Microsoft.AspNetCore.Mvc.ApplicationModels.ControllerActionDescriptorProvider.GetDescriptors()
         at Microsoft.AspNetCore.Mvc.ApplicationModels.ControllerActionDescriptorProvider.OnProvidersExecuting(ActionDescriptorProviderContext context)
         at Microsoft.AspNetCore.Mvc.Infrastructure.DefaultActionDescriptorCollectionProvider.UpdateCollection()
         at Microsoft.AspNetCore.Mvc.Infrastructure.DefaultActionDescriptorCollectionProvider.Initialize()
         at Microsoft.AspNetCore.Mvc.Infrastructure.DefaultActionDescriptorCollectionProvider.GetChangeToken()
         at Microsoft.Extensions.Primitives.ChangeToken.OnChange(Func`1 changeTokenProducer, Action changeTokenConsumer)
         at Microsoft.AspNetCore.Mvc.Routing.ActionEndpointDataSourceBase.Subscribe()
         at Microsoft.AspNetCore.Builder.ControllerEndpointRouteBuilderExtensions.GetOrCreateDataSource(IEndpointRouteBuilder endpoints)
         at Microsoft.AspNetCore.Builder.ControllerEndpointRouteBuilderExtensions.MapDynamicControllerRoute[TTransformer](IEndpointRouteBuilder endpoints, String pattern, Object state)
         at OrchardCore.HomeRoute.Startup.Configure(IApplicationBuilder app, IEndpointRouteBuilder routes, IServiceProvider serviceProvider)
         at OrchardCore.Modules.ShellPipelineExtensions.ConfigurePipelineAsync(ApplicationBuilder builder)
         at OrchardCore.Modules.ShellPipelineExtensions.BuildPipelineInternalAsync(ShellContext context)
         at OrchardCore.Modules.ShellPipelineExtensions.BuildPipelineAsync(ShellContext context)
         at OrchardCore.Modules.ModularTenantRouterMiddleware.Invoke(HttpContext httpContext)
         at OrchardCore.Modules.ModularTenantContainerMiddleware.<>c__DisplayClass4_0.<<Invoke>b__0>d.MoveNext()
      --- End of stack trace from previous location ---
         at OrchardCore.Environment.Shell.Scope.ShellScope.UsingAsync(Func`2 execute, Boolean activateShell)
         at OrchardCore.Environment.Shell.Scope.ShellScope.UsingAsync(Func`2 execute, Boolean activateShell)
         at OrchardCore.Environment.Shell.Scope.ShellScope.UsingAsync(Func`2 execute, Boolean activateShell)
         at OrchardCore.Environment.Shell.Scope.ShellScope.UsingAsync(Func`2 execute, Boolean activateShell)
         at OrchardCore.Environment.Shell.Scope.ShellScope.UsingAsync(Func`2 execute, Boolean activateShell)
         at OrchardCore.Modules.ModularTenantContainerMiddleware.Invoke(HttpContext httpContext)
         at Microsoft.AspNetCore.Authentication.AuthenticationMiddleware.Invoke(HttpContext context)
         at Microsoft.AspNetCore.Diagnostics.DeveloperExceptionPageMiddlewareImpl.Invoke(HttpContext context)
fail: Microsoft.AspNetCore.Diagnostics.DeveloperExceptionPageMiddleware[1]
      An unhandled exception has occurred while executing the request.
      System.ArgumentException: An item with the same key has already been added. Key: area
         at System.Collections.Generic.Dictionary`2.TryInsert(TKey key, TValue value, InsertionBehavior behavior)
         at System.Collections.Generic.Dictionary`2.Add(TKey key, TValue value)
         at OrchardCore.Mvc.ModularApplicationModelProvider.OnProvidersExecuted(ApplicationModelProviderContext context)
         at Microsoft.AspNetCore.Mvc.ApplicationModels.ApplicationModelFactory.CreateApplicationModel(IEnumerable`1 controllerTypes)
         at Microsoft.AspNetCore.Mvc.ApplicationModels.ControllerActionDescriptorProvider.GetDescriptors()
         at Microsoft.AspNetCore.Mvc.ApplicationModels.ControllerActionDescriptorProvider.OnProvidersExecuting(ActionDescriptorProviderContext context)
         at Microsoft.AspNetCore.Mvc.Infrastructure.DefaultActionDescriptorCollectionProvider.UpdateCollection()
         at Microsoft.AspNetCore.Mvc.Infrastructure.DefaultActionDescriptorCollectionProvider.Initialize()
         at Microsoft.AspNetCore.Mvc.Infrastructure.DefaultActionDescriptorCollectionProvider.GetChangeToken()
         at Microsoft.Extensions.Primitives.ChangeToken.OnChange(Func`1 changeTokenProducer, Action changeTokenConsumer)
         at Microsoft.AspNetCore.Mvc.Routing.ActionEndpointDataSourceBase.Subscribe()
         at Microsoft.AspNetCore.Builder.ControllerEndpointRouteBuilderExtensions.GetOrCreateDataSource(IEndpointRouteBuilder endpoints)
         at Microsoft.AspNetCore.Builder.ControllerEndpointRouteBuilderExtensions.MapDynamicControllerRoute[TTransformer](IEndpointRouteBuilder endpoints, String pattern, Object state)
         at OrchardCore.HomeRoute.Startup.Configure(IApplicationBuilder app, IEndpointRouteBuilder routes, IServiceProvider serviceProvider)
         at OrchardCore.Modules.ShellPipelineExtensions.ConfigurePipelineAsync(ApplicationBuilder builder)
         at OrchardCore.Modules.ShellPipelineExtensions.BuildPipelineInternalAsync(ShellContext context)
         at OrchardCore.Modules.ShellPipelineExtensions.BuildPipelineAsync(ShellContext context)
         at OrchardCore.Modules.ModularTenantRouterMiddleware.Invoke(HttpContext httpContext)
         at OrchardCore.Modules.ModularTenantContainerMiddleware.<>c__DisplayClass4_0.<<Invoke>b__0>d.MoveNext()
      --- End of stack trace from previous location ---
         at OrchardCore.Environment.Shell.Scope.ShellScope.UsingAsync(Func`2 execute, Boolean activateShell)
         at OrchardCore.Environment.Shell.Scope.ShellScope.UsingAsync(Func`2 execute, Boolean activateShell)
         at OrchardCore.Environment.Shell.Scope.ShellScope.UsingAsync(Func`2 execute, Boolean activateShell)
         at OrchardCore.Environment.Shell.Scope.ShellScope.UsingAsync(Func`2 execute, Boolean activateShell)
         at OrchardCore.Environment.Shell.Scope.ShellScope.UsingAsync(Func`2 execute, Boolean activateShell)
         at OrchardCore.Modules.ModularTenantContainerMiddleware.Invoke(HttpContext httpContext)
         at Microsoft.AspNetCore.Authentication.AuthenticationMiddleware.Invoke(HttpContext context)
         at Microsoft.AspNetCore.Diagnostics.DeveloperExceptionPageMiddlewareImpl.Invoke(HttpContext context)
fail: Microsoft.AspNetCore.Diagnostics.DeveloperExceptionPageMiddleware[1]
      An unhandled exception has occurred while executing the request.
      System.ArgumentException: An item with the same key has already been added. Key: area
         at System.Collections.Generic.Dictionary`2.TryInsert(TKey key, TValue value, InsertionBehavior behavior)
         at System.Collections.Generic.Dictionary`2.Add(TKey key, TValue value)
         at OrchardCore.Mvc.ModularApplicationModelProvider.OnProvidersExecuted(ApplicationModelProviderContext context)
         at Microsoft.AspNetCore.Mvc.ApplicationModels.ApplicationModelFactory.CreateApplicationModel(IEnumerable`1 controllerTypes)
         at Microsoft.AspNetCore.Mvc.ApplicationModels.ControllerActionDescriptorProvider.GetDescriptors()
         at Microsoft.AspNetCore.Mvc.ApplicationModels.ControllerActionDescriptorProvider.OnProvidersExecuting(ActionDescriptorProviderContext context)
         at Microsoft.AspNetCore.Mvc.Infrastructure.DefaultActionDescriptorCollectionProvider.UpdateCollection()
         at Microsoft.AspNetCore.Mvc.Infrastructure.DefaultActionDescriptorCollectionProvider.Initialize()
         at Microsoft.AspNetCore.Mvc.Infrastructure.DefaultActionDescriptorCollectionProvider.GetChangeToken()
         at Microsoft.Extensions.Primitives.ChangeToken.OnChange(Func`1 changeTokenProducer, Action changeTokenConsumer)
         at Microsoft.AspNetCore.Mvc.Routing.ActionEndpointDataSourceBase.Subscribe()
         at Microsoft.AspNetCore.Builder.ControllerEndpointRouteBuilderExtensions.GetOrCreateDataSource(IEndpointRouteBuilder endpoints)
         at Microsoft.AspNetCore.Builder.ControllerEndpointRouteBuilderExtensions.MapDynamicControllerRoute[TTransformer](IEndpointRouteBuilder endpoints, String pattern, Object state)
         at OrchardCore.HomeRoute.Startup.Configure(IApplicationBuilder app, IEndpointRouteBuilder routes, IServiceProvider serviceProvider)
         at OrchardCore.Modules.ShellPipelineExtensions.ConfigurePipelineAsync(ApplicationBuilder builder)
         at OrchardCore.Modules.ShellPipelineExtensions.BuildPipelineInternalAsync(ShellContext context)
         at OrchardCore.Modules.ShellPipelineExtensions.BuildPipelineAsync(ShellContext context)
         at OrchardCore.Modules.ModularTenantRouterMiddleware.Invoke(HttpContext httpContext)
         at OrchardCore.Modules.ModularTenantContainerMiddleware.<>c__DisplayClass4_0.<<Invoke>b__0>d.MoveNext()
      --- End of stack trace from previous location ---
         at OrchardCore.Environment.Shell.Scope.ShellScope.UsingAsync(Func`2 execute, Boolean activateShell)
         at OrchardCore.Environment.Shell.Scope.ShellScope.UsingAsync(Func`2 execute, Boolean activateShell)
         at OrchardCore.Environment.Shell.Scope.ShellScope.UsingAsync(Func`2 execute, Boolean activateShell)
         at OrchardCore.Environment.Shell.Scope.ShellScope.UsingAsync(Func`2 execute, Boolean activateShell)
         at OrchardCore.Environment.Shell.Scope.ShellScope.UsingAsync(Func`2 execute, Boolean activateShell)
         at OrchardCore.Modules.ModularTenantContainerMiddleware.Invoke(HttpContext httpContext)
         at Microsoft.AspNetCore.Authentication.AuthenticationMiddleware.Invoke(HttpContext context)
         at Microsoft.AspNetCore.Diagnostics.DeveloperExceptionPageMiddlewareImpl.Invoke(HttpContext context)
fail: Microsoft.AspNetCore.Diagnostics.DeveloperExceptionPageMiddleware[1]
      An unhandled exception has occurred while executing the request.
      System.ArgumentException: An item with the same key has already been added. Key: area
         at System.Collections.Generic.Dictionary`2.TryInsert(TKey key, TValue value, InsertionBehavior behavior)
         at System.Collections.Generic.Dictionary`2.Add(TKey key, TValue value)
         at OrchardCore.Mvc.ModularApplicationModelProvider.OnProvidersExecuted(ApplicationModelProviderContext context)
         at Microsoft.AspNetCore.Mvc.ApplicationModels.ApplicationModelFactory.CreateApplicationModel(IEnumerable`1 controllerTypes)
         at Microsoft.AspNetCore.Mvc.ApplicationModels.ControllerActionDescriptorProvider.GetDescriptors()
         at Microsoft.AspNetCore.Mvc.ApplicationModels.ControllerActionDescriptorProvider.OnProvidersExecuting(ActionDescriptorProviderContext context)
         at Microsoft.AspNetCore.Mvc.Infrastructure.DefaultActionDescriptorCollectionProvider.UpdateCollection()
         at Microsoft.AspNetCore.Mvc.Infrastructure.DefaultActionDescriptorCollectionProvider.Initialize()
         at Microsoft.AspNetCore.Mvc.Infrastructure.DefaultActionDescriptorCollectionProvider.GetChangeToken()
         at Microsoft.Extensions.Primitives.ChangeToken.OnChange(Func`1 changeTokenProducer, Action changeTokenConsumer)
         at Microsoft.AspNetCore.Mvc.Routing.ActionEndpointDataSourceBase.Subscribe()
         at Microsoft.AspNetCore.Builder.ControllerEndpointRouteBuilderExtensions.GetOrCreateDataSource(IEndpointRouteBuilder endpoints)
         at Microsoft.AspNetCore.Builder.ControllerEndpointRouteBuilderExtensions.MapDynamicControllerRoute[TTransformer](IEndpointRouteBuilder endpoints, String pattern, Object state)
         at OrchardCore.HomeRoute.Startup.Configure(IApplicationBuilder app, IEndpointRouteBuilder routes, IServiceProvider serviceProvider)
         at OrchardCore.Modules.ShellPipelineExtensions.ConfigurePipelineAsync(ApplicationBuilder builder)
         at OrchardCore.Modules.ShellPipelineExtensions.BuildPipelineInternalAsync(ShellContext context)
         at OrchardCore.Modules.ShellPipelineExtensions.BuildPipelineAsync(ShellContext context)
         at OrchardCore.Modules.ModularTenantRouterMiddleware.Invoke(HttpContext httpContext)
         at OrchardCore.Modules.ModularTenantContainerMiddleware.<>c__DisplayClass4_0.<<Invoke>b__0>d.MoveNext()
      --- End of stack trace from previous location ---
         at OrchardCore.Environment.Shell.Scope.ShellScope.UsingAsync(Func`2 execute, Boolean activateShell)
         at OrchardCore.Environment.Shell.Scope.ShellScope.UsingAsync(Func`2 execute, Boolean activateShell)
         at OrchardCore.Environment.Shell.Scope.ShellScope.UsingAsync(Func`2 execute, Boolean activateShell)
         at OrchardCore.Environment.Shell.Scope.ShellScope.UsingAsync(Func`2 execute, Boolean activateShell)
         at OrchardCore.Environment.Shell.Scope.ShellScope.UsingAsync(Func`2 execute, Boolean activateShell)
         at OrchardCore.Modules.ModularTenantContainerMiddleware.Invoke(HttpContext httpContext)
         at Microsoft.AspNetCore.Authentication.AuthenticationMiddleware.Invoke(HttpContext context)
         at Microsoft.AspNetCore.Diagnostics.DeveloperExceptionPageMiddlewareImpl.Invoke(HttpContext context)
fail: Microsoft.AspNetCore.Diagnostics.DeveloperExceptionPageMiddleware[1]
      An unhandled exception has occurred while executing the request.
      System.ArgumentException: An item with the same key has already been added. Key: area
         at System.Collections.Generic.Dictionary`2.TryInsert(TKey key, TValue value, InsertionBehavior behavior)
         at System.Collections.Generic.Dictionary`2.Add(TKey key, TValue value)
         at OrchardCore.Mvc.ModularApplicationModelProvider.OnProvidersExecuted(ApplicationModelProviderContext context)
         at Microsoft.AspNetCore.Mvc.ApplicationModels.ApplicationModelFactory.CreateApplicationModel(IEnumerable`1 controllerTypes)
         at Microsoft.AspNetCore.Mvc.ApplicationModels.ControllerActionDescriptorProvider.GetDescriptors()
         at Microsoft.AspNetCore.Mvc.ApplicationModels.ControllerActionDescriptorProvider.OnProvidersExecuting(ActionDescriptorProviderContext context)
         at Microsoft.AspNetCore.Mvc.Infrastructure.DefaultActionDescriptorCollectionProvider.UpdateCollection()
         at Microsoft.AspNetCore.Mvc.Infrastructure.DefaultActionDescriptorCollectionProvider.Initialize()
         at Microsoft.AspNetCore.Mvc.Infrastructure.DefaultActionDescriptorCollectionProvider.GetChangeToken()
         at Microsoft.Extensions.Primitives.ChangeToken.OnChange(Func`1 changeTokenProducer, Action changeTokenConsumer)
         at Microsoft.AspNetCore.Mvc.Routing.ActionEndpointDataSourceBase.Subscribe()
         at Microsoft.AspNetCore.Builder.ControllerEndpointRouteBuilderExtensions.GetOrCreateDataSource(IEndpointRouteBuilder endpoints)
         at Microsoft.AspNetCore.Builder.ControllerEndpointRouteBuilderExtensions.MapDynamicControllerRoute[TTransformer](IEndpointRouteBuilder endpoints, String pattern, Object state)
         at OrchardCore.HomeRoute.Startup.Configure(IApplicationBuilder app, IEndpointRouteBuilder routes, IServiceProvider serviceProvider)
         at OrchardCore.Modules.ShellPipelineExtensions.ConfigurePipelineAsync(ApplicationBuilder builder)
         at OrchardCore.Modules.ShellPipelineExtensions.BuildPipelineInternalAsync(ShellContext context)
         at OrchardCore.Modules.ShellPipelineExtensions.BuildPipelineAsync(ShellContext context)
         at OrchardCore.Modules.ModularTenantRouterMiddleware.Invoke(HttpContext httpContext)
         at OrchardCore.Modules.ModularTenantContainerMiddleware.<>c__DisplayClass4_0.<<Invoke>b__0>d.MoveNext()
      --- End of stack trace from previous location ---
         at OrchardCore.Environment.Shell.Scope.ShellScope.UsingAsync(Func`2 execute, Boolean activateShell)
         at OrchardCore.Environment.Shell.Scope.ShellScope.UsingAsync(Func`2 execute, Boolean activateShell)
         at OrchardCore.Environment.Shell.Scope.ShellScope.UsingAsync(Func`2 execute, Boolean activateShell)
         at OrchardCore.Environment.Shell.Scope.ShellScope.UsingAsync(Func`2 execute, Boolean activateShell)
         at OrchardCore.Environment.Shell.Scope.ShellScope.UsingAsync(Func`2 execute, Boolean activateShell)
         at OrchardCore.Modules.ModularTenantContainerMiddleware.Invoke(HttpContext httpContext)
         at Microsoft.AspNetCore.Authentication.AuthenticationMiddleware.Invoke(HttpContext context)
         at Microsoft.AspNetCore.Diagnostics.DeveloperExceptionPageMiddlewareImpl.Invoke(HttpContext context)
fail: Microsoft.AspNetCore.Diagnostics.DeveloperExceptionPageMiddleware[1]
      An unhandled exception has occurred while executing the request.
      System.ArgumentException: An item with the same key has already been added. Key: area
         at System.Collections.Generic.Dictionary`2.TryInsert(TKey key, TValue value, InsertionBehavior behavior)
         at System.Collections.Generic.Dictionary`2.Add(TKey key, TValue value)
         at OrchardCore.Mvc.ModularApplicationModelProvider.OnProvidersExecuted(ApplicationModelProviderContext context)
         at Microsoft.AspNetCore.Mvc.ApplicationModels.ApplicationModelFactory.CreateApplicationModel(IEnumerable`1 controllerTypes)
         at Microsoft.AspNetCore.Mvc.ApplicationModels.ControllerActionDescriptorProvider.GetDescriptors()
         at Microsoft.AspNetCore.Mvc.ApplicationModels.ControllerActionDescriptorProvider.OnProvidersExecuting(ActionDescriptorProviderContext context)
         at Microsoft.AspNetCore.Mvc.Infrastructure.DefaultActionDescriptorCollectionProvider.UpdateCollection()
         at Microsoft.AspNetCore.Mvc.Infrastructure.DefaultActionDescriptorCollectionProvider.Initialize()
         at Microsoft.AspNetCore.Mvc.Infrastructure.DefaultActionDescriptorCollectionProvider.GetChangeToken()
         at Microsoft.Extensions.Primitives.ChangeToken.OnChange(Func`1 changeTokenProducer, Action changeTokenConsumer)
         at Microsoft.AspNetCore.Mvc.Routing.ActionEndpointDataSourceBase.Subscribe()
         at Microsoft.AspNetCore.Builder.ControllerEndpointRouteBuilderExtensions.GetOrCreateDataSource(IEndpointRouteBuilder endpoints)
         at Microsoft.AspNetCore.Builder.ControllerEndpointRouteBuilderExtensions.MapDynamicControllerRoute[TTransformer](IEndpointRouteBuilder endpoints, String pattern, Object state)
         at OrchardCore.HomeRoute.Startup.Configure(IApplicationBuilder app, IEndpointRouteBuilder routes, IServiceProvider serviceProvider)
         at OrchardCore.Modules.ShellPipelineExtensions.ConfigurePipelineAsync(ApplicationBuilder builder)
         at OrchardCore.Modules.ShellPipelineExtensions.BuildPipelineInternalAsync(ShellContext context)
         at OrchardCore.Modules.ShellPipelineExtensions.BuildPipelineAsync(ShellContext context)
         at OrchardCore.Modules.ModularTenantRouterMiddleware.Invoke(HttpContext httpContext)
         at OrchardCore.Modules.ModularTenantContainerMiddleware.<>c__DisplayClass4_0.<<Invoke>b__0>d.MoveNext()
      --- End of stack trace from previous location ---
         at OrchardCore.Environment.Shell.Scope.ShellScope.UsingAsync(Func`2 execute, Boolean activateShell)
         at OrchardCore.Environment.Shell.Scope.ShellScope.UsingAsync(Func`2 execute, Boolean activateShell)
         at OrchardCore.Environment.Shell.Scope.ShellScope.UsingAsync(Func`2 execute, Boolean activateShell)
         at OrchardCore.Environment.Shell.Scope.ShellScope.UsingAsync(Func`2 execute, Boolean activateShell)
         at OrchardCore.Environment.Shell.Scope.ShellScope.UsingAsync(Func`2 execute, Boolean activateShell)
         at OrchardCore.Modules.ModularTenantContainerMiddleware.Invoke(HttpContext httpContext)
         at Microsoft.AspNetCore.Authentication.AuthenticationMiddleware.Invoke(HttpContext context)
         at Microsoft.AspNetCore.Diagnostics.DeveloperExceptionPageMiddlewareImpl.Invoke(HttpContext context)
fail: Microsoft.AspNetCore.Diagnostics.DeveloperExceptionPageMiddleware[1]
      An unhandled exception has occurred while executing the request.
      System.ArgumentException: An item with the same key has already been added. Key: area
         at System.Collections.Generic.Dictionary`2.TryInsert(TKey key, TValue value, InsertionBehavior behavior)
         at System.Collections.Generic.Dictionary`2.Add(TKey key, TValue value)
         at OrchardCore.Mvc.ModularApplicationModelProvider.OnProvidersExecuted(ApplicationModelProviderContext context)
         at Microsoft.AspNetCore.Mvc.ApplicationModels.ApplicationModelFactory.CreateApplicationModel(IEnumerable`1 controllerTypes)
         at Microsoft.AspNetCore.Mvc.ApplicationModels.ControllerActionDescriptorProvider.GetDescriptors()
         at Microsoft.AspNetCore.Mvc.ApplicationModels.ControllerActionDescriptorProvider.OnProvidersExecuting(ActionDescriptorProviderContext context)
         at Microsoft.AspNetCore.Mvc.Infrastructure.DefaultActionDescriptorCollectionProvider.UpdateCollection()
         at Microsoft.AspNetCore.Mvc.Infrastructure.DefaultActionDescriptorCollectionProvider.Initialize()
         at Microsoft.AspNetCore.Mvc.Infrastructure.DefaultActionDescriptorCollectionProvider.GetChangeToken()
         at Microsoft.Extensions.Primitives.ChangeToken.OnChange(Func`1 changeTokenProducer, Action changeTokenConsumer)
         at Microsoft.AspNetCore.Mvc.Routing.ActionEndpointDataSourceBase.Subscribe()
         at Microsoft.AspNetCore.Builder.ControllerEndpointRouteBuilderExtensions.GetOrCreateDataSource(IEndpointRouteBuilder endpoints)
         at Microsoft.AspNetCore.Builder.ControllerEndpointRouteBuilderExtensions.MapDynamicControllerRoute[TTransformer](IEndpointRouteBuilder endpoints, String pattern, Object state)
         at OrchardCore.HomeRoute.Startup.Configure(IApplicationBuilder app, IEndpointRouteBuilder routes, IServiceProvider serviceProvider)
         at OrchardCore.Modules.ShellPipelineExtensions.ConfigurePipelineAsync(ApplicationBuilder builder)
         at OrchardCore.Modules.ShellPipelineExtensions.BuildPipelineInternalAsync(ShellContext context)
         at OrchardCore.Modules.ShellPipelineExtensions.BuildPipelineAsync(ShellContext context)
         at OrchardCore.Modules.ModularTenantRouterMiddleware.Invoke(HttpContext httpContext)
         at OrchardCore.Modules.ModularTenantContainerMiddleware.<>c__DisplayClass4_0.<<Invoke>b__0>d.MoveNext()
      --- End of stack trace from previous location ---
         at OrchardCore.Environment.Shell.Scope.ShellScope.UsingAsync(Func`2 execute, Boolean activateShell)
         at OrchardCore.Environment.Shell.Scope.ShellScope.UsingAsync(Func`2 execute, Boolean activateShell)
         at OrchardCore.Environment.Shell.Scope.ShellScope.UsingAsync(Func`2 execute, Boolean activateShell)
         at OrchardCore.Environment.Shell.Scope.ShellScope.UsingAsync(Func`2 execute, Boolean activateShell)
         at OrchardCore.Environment.Shell.Scope.ShellScope.UsingAsync(Func`2 execute, Boolean activateShell)
         at OrchardCore.Modules.ModularTenantContainerMiddleware.Invoke(HttpContext httpContext)
         at Microsoft.AspNetCore.Authentication.AuthenticationMiddleware.Invoke(HttpContext context)
         at Microsoft.AspNetCore.Diagnostics.DeveloperExceptionPageMiddlewareImpl.Invoke(HttpContext context)
fail: Microsoft.AspNetCore.Diagnostics.DeveloperExceptionPageMiddleware[1]
      An unhandled exception has occurred while executing the request.
      System.ArgumentException: An item with the same key has already been added. Key: area
         at System.Collections.Generic.Dictionary`2.TryInsert(TKey key, TValue value, InsertionBehavior behavior)
         at System.Collections.Generic.Dictionary`2.Add(TKey key, TValue value)
         at OrchardCore.Mvc.ModularApplicationModelProvider.OnProvidersExecuted(ApplicationModelProviderContext context)
         at Microsoft.AspNetCore.Mvc.ApplicationModels.ApplicationModelFactory.CreateApplicationModel(IEnumerable`1 controllerTypes)
         at Microsoft.AspNetCore.Mvc.ApplicationModels.ControllerActionDescriptorProvider.GetDescriptors()
         at Microsoft.AspNetCore.Mvc.ApplicationModels.ControllerActionDescriptorProvider.OnProvidersExecuting(ActionDescriptorProviderContext context)
         at Microsoft.AspNetCore.Mvc.Infrastructure.DefaultActionDescriptorCollectionProvider.UpdateCollection()
         at Microsoft.AspNetCore.Mvc.Infrastructure.DefaultActionDescriptorCollectionProvider.Initialize()
         at Microsoft.AspNetCore.Mvc.Infrastructure.DefaultActionDescriptorCollectionProvider.GetChangeToken()
         at Microsoft.Extensions.Primitives.ChangeToken.OnChange(Func`1 changeTokenProducer, Action changeTokenConsumer)
         at Microsoft.AspNetCore.Mvc.Routing.ActionEndpointDataSourceBase.Subscribe()
         at Microsoft.AspNetCore.Builder.ControllerEndpointRouteBuilderExtensions.GetOrCreateDataSource(IEndpointRouteBuilder endpoints)
         at Microsoft.AspNetCore.Builder.ControllerEndpointRouteBuilderExtensions.MapDynamicControllerRoute[TTransformer](IEndpointRouteBuilder endpoints, String pattern, Object state)
         at OrchardCore.HomeRoute.Startup.Configure(IApplicationBuilder app, IEndpointRouteBuilder routes, IServiceProvider serviceProvider)
         at OrchardCore.Modules.ShellPipelineExtensions.ConfigurePipelineAsync(ApplicationBuilder builder)
         at OrchardCore.Modules.ShellPipelineExtensions.BuildPipelineInternalAsync(ShellContext context)
         at OrchardCore.Modules.ShellPipelineExtensions.BuildPipelineAsync(ShellContext context)
         at OrchardCore.Modules.ModularTenantRouterMiddleware.Invoke(HttpContext httpContext)
         at OrchardCore.Modules.ModularTenantContainerMiddleware.<>c__DisplayClass4_0.<<Invoke>b__0>d.MoveNext()
      --- End of stack trace from previous location ---
         at OrchardCore.Environment.Shell.Scope.ShellScope.UsingAsync(Func`2 execute, Boolean activateShell)
         at OrchardCore.Environment.Shell.Scope.ShellScope.UsingAsync(Func`2 execute, Boolean activateShell)
         at OrchardCore.Environment.Shell.Scope.ShellScope.UsingAsync(Func`2 execute, Boolean activateShell)
         at OrchardCore.Environment.Shell.Scope.ShellScope.UsingAsync(Func`2 execute, Boolean activateShell)
         at OrchardCore.Environment.Shell.Scope.ShellScope.UsingAsync(Func`2 execute, Boolean activateShell)
         at OrchardCore.Modules.ModularTenantContainerMiddleware.Invoke(HttpContext httpContext)
         at Microsoft.AspNetCore.Authentication.AuthenticationMiddleware.Invoke(HttpContext context)
         at Microsoft.AspNetCore.Diagnostics.DeveloperExceptionPageMiddlewareImpl.Invoke(HttpContext context)
fail: Microsoft.AspNetCore.Diagnostics.DeveloperExceptionPageMiddleware[1]
      An unhandled exception has occurred while executing the request.
      System.ArgumentException: An item with the same key has already been added. Key: area
         at System.Collections.Generic.Dictionary`2.TryInsert(TKey key, TValue value, InsertionBehavior behavior)
         at System.Collections.Generic.Dictionary`2.Add(TKey key, TValue value)
         at OrchardCore.Mvc.ModularApplicationModelProvider.OnProvidersExecuted(ApplicationModelProviderContext context)
         at Microsoft.AspNetCore.Mvc.ApplicationModels.ApplicationModelFactory.CreateApplicationModel(IEnumerable`1 controllerTypes)
         at Microsoft.AspNetCore.Mvc.ApplicationModels.ControllerActionDescriptorProvider.GetDescriptors()
         at Microsoft.AspNetCore.Mvc.ApplicationModels.ControllerActionDescriptorProvider.OnProvidersExecuting(ActionDescriptorProviderContext context)
         at Microsoft.AspNetCore.Mvc.Infrastructure.DefaultActionDescriptorCollectionProvider.UpdateCollection()
         at Microsoft.AspNetCore.Mvc.Infrastructure.DefaultActionDescriptorCollectionProvider.Initialize()
         at Microsoft.AspNetCore.Mvc.Infrastructure.DefaultActionDescriptorCollectionProvider.GetChangeToken()
         at Microsoft.Extensions.Primitives.ChangeToken.OnChange(Func`1 changeTokenProducer, Action changeTokenConsumer)
         at Microsoft.AspNetCore.Mvc.Routing.ActionEndpointDataSourceBase.Subscribe()
         at Microsoft.AspNetCore.Builder.ControllerEndpointRouteBuilderExtensions.GetOrCreateDataSource(IEndpointRouteBuilder endpoints)
         at Microsoft.AspNetCore.Builder.ControllerEndpointRouteBuilderExtensions.MapDynamicControllerRoute[TTransformer](IEndpointRouteBuilder endpoints, String pattern, Object state)
         at OrchardCore.HomeRoute.Startup.Configure(IApplicationBuilder app, IEndpointRouteBuilder routes, IServiceProvider serviceProvider)
         at OrchardCore.Modules.ShellPipelineExtensions.ConfigurePipelineAsync(ApplicationBuilder builder)
         at OrchardCore.Modules.ShellPipelineExtensions.BuildPipelineInternalAsync(ShellContext context)
         at OrchardCore.Modules.ShellPipelineExtensions.BuildPipelineAsync(ShellContext context)
         at OrchardCore.Modules.ModularTenantRouterMiddleware.Invoke(HttpContext httpContext)
         at OrchardCore.Modules.ModularTenantContainerMiddleware.<>c__DisplayClass4_0.<<Invoke>b__0>d.MoveNext()
      --- End of stack trace from previous location ---
         at OrchardCore.Environment.Shell.Scope.ShellScope.UsingAsync(Func`2 execute, Boolean activateShell)
         at OrchardCore.Environment.Shell.Scope.ShellScope.UsingAsync(Func`2 execute, Boolean activateShell)
         at OrchardCore.Environment.Shell.Scope.ShellScope.UsingAsync(Func`2 execute, Boolean activateShell)
         at OrchardCore.Environment.Shell.Scope.ShellScope.UsingAsync(Func`2 execute, Boolean activateShell)
         at OrchardCore.Environment.Shell.Scope.ShellScope.UsingAsync(Func`2 execute, Boolean activateShell)
         at OrchardCore.Modules.ModularTenantContainerMiddleware.Invoke(HttpContext httpContext)
         at Microsoft.AspNetCore.Authentication.AuthenticationMiddleware.Invoke(HttpContext context)
         at Microsoft.AspNetCore.Diagnostics.DeveloperExceptionPageMiddlewareImpl.Invoke(HttpContext context)
info: Microsoft.Hosting.Lifetime[0]
      Application is shutting down...
2025-10-25 08:18:49.6863|INFO|Microsoft.Hosting.Lifetime|Application is shutting down...
