2025-10-25 07:34:00.3133|||35|Microsoft.AspNetCore.DataProtection.KeyManagement.XmlKeyManager|WARN|No XML encryptor configured. Key {77fd7cf9-f618-4427-8410-937eb1128d25} may be persisted to storage in unencrypted form. 
2025-10-25 07:34:00.3812|||14|Microsoft.Hosting.Lifetime|INFO|Now listening on: http://0.0.0.0:12000 
2025-10-25 07:34:00.3853||||Microsoft.Hosting.Lifetime|INFO|Application started. Press Ctrl+C to shut down. 
2025-10-25 07:34:00.3859||||Microsoft.Hosting.Lifetime|INFO|Hosting environment: Development 
2025-10-25 07:34:00.3859||||Microsoft.Hosting.Lifetime|INFO|Content root path: /workspace/project/duanxkld24-10/NhanVietSolution/NhanViet.Website 
2025-10-25 07:34:01.3432|None|00-cbf361dd21b8d027a196cf24b65f0772-b737dccd1620d71d-00|3|Microsoft.AspNetCore.HttpsPolicy.HttpsRedirectionMiddleware|WARN|Failed to determine the https port for redirect. 
2025-10-25 07:34:07.6508|Default|00-e774434162504461e0852aa9eeb2618c-73e23a1ed090649d-00|7|Microsoft.AspNetCore.Antiforgery.DefaultAntiforgery|ERROR|An exception was thrown while deserializing the token. Microsoft.AspNetCore.Antiforgery.AntiforgeryValidationException: The antiforgery token could not be decrypted.
 ---> System.Security.Cryptography.CryptographicException: The key {2de43496-ce50-46f1-bd41-bc2332cce026} was not found in the key ring. For more information go to https://aka.ms/aspnet/dataprotectionwarning
   at Microsoft.AspNetCore.DataProtection.KeyManagement.KeyRingBasedDataProtector.UnprotectCore(Byte[] protectedData, Boolean allowOperationsOnRevokedKeys, UnprotectStatus& status)
   at Microsoft.AspNetCore.DataProtection.KeyManagement.KeyRingBasedDataProtector.Unprotect(Byte[] protectedData)
   at Microsoft.AspNetCore.Antiforgery.DefaultAntiforgeryTokenSerializer.Deserialize(String serializedToken)
   --- End of inner exception stack trace ---
   at Microsoft.AspNetCore.Antiforgery.DefaultAntiforgeryTokenSerializer.Deserialize(String serializedToken)
   at Microsoft.AspNetCore.Antiforgery.DefaultAntiforgery.GetCookieTokenDoesNotThrow(HttpContext httpContext)    at Microsoft.AspNetCore.Antiforgery.DefaultAntiforgeryTokenSerializer.Deserialize(String serializedToken)
   at Microsoft.AspNetCore.Antiforgery.DefaultAntiforgery.GetCookieTokenDoesNotThrow(HttpContext httpContext)
2025-10-25 07:34:42.4465|Default|00-1ead83e48840d29cd8824011fdc88f7e-dd36b0ab706e1ea0-00||OrchardCore.Data.DbConnectionValidator|WARN|Unable to validate connection string. System.Net.Sockets.SocketException (00000005, 0xFFFDFFFF): Name or service not known
   at System.Net.Dns.GetHostEntryOrAddressesCore(String hostName, Boolean justAddresses, AddressFamily addressFamily, Nullable`1 startingTimestamp)
   at System.Net.Dns.<>c.<GetHostEntryOrAddressesCoreAsync>b__33_0(Object s, Int64 startingTimestamp)
   at System.Net.Dns.<>c__DisplayClass39_0`1.<RunAsync>b__0(Task <p0>, Object <p1>)
   at System.Threading.Tasks.ContinuationResultTaskFromTask`1.InnerInvoke()
   at System.Threading.ExecutionContext.RunFromThreadPoolDispatchLoop(Thread threadPoolThread, ExecutionContext executionContext, ContextCallback callback, Object state)
--- End of stack trace from previous location ---
   at System.Threading.ExecutionContext.RunFromThreadPoolDispatchLoop(Thread threadPoolThread, ExecutionContext executionContext, ContextCallback callback, Object state)
   at System.Threading.Tasks.Task.ExecuteWithThreadLocal(Task& currentTaskSlot, Thread threadPoolThread)
--- End of stack trace from previous location ---
   at Npgsql.TaskTimeoutAndCancellation.ExecuteAsync(Func`2 getTaskFunc, NpgsqlTimeout timeout, CancellationToken cancellationToken)
   at Npgsql.TaskTimeoutAndCancellation.ExecuteAsync[TResult](Func`2 getTaskFunc, NpgsqlTimeout timeout, CancellationToken cancellationToken)
   at Npgsql.Internal.NpgsqlConnector.ConnectAsync(NpgsqlTimeout timeout, CancellationToken cancellationToken)
   at Npgsql.Internal.NpgsqlConnector.RawOpen(SslMode sslMode, NpgsqlTimeout timeout, Boolean async, CancellationToken cancellationToken)
   at Npgsql.Internal.NpgsqlConnector.<Open>g__OpenCore|214_1(NpgsqlConnector conn, SslMode sslMode, NpgsqlTimeout timeout, Boolean async, CancellationToken cancellationToken)
   at Npgsql.Internal.NpgsqlConnector.Open(NpgsqlTimeout timeout, Boolean async, CancellationToken cancellationToken)
   at Npgsql.PoolingDataSource.OpenNewConnector(NpgsqlConnection conn, NpgsqlTimeout timeout, Boolean async, CancellationToken cancellationToken)
   at Npgsql.PoolingDataSource.<Get>g__RentAsync|33_0(NpgsqlConnection conn, NpgsqlTimeout timeout, Boolean async, CancellationToken cancellationToken)
   at Npgsql.NpgsqlConnection.<Open>g__OpenAsync|42_0(Boolean async, CancellationToken cancellationToken)
   at OrchardCore.Data.DbConnectionValidator.ValidateAsync(DbConnectionValidatorContext context)    at System.Net.Dns.GetHostEntryOrAddressesCore(String hostName, Boolean justAddresses, AddressFamily addressFamily, Nullable`1 startingTimestamp)
   at System.Net.Dns.<>c.<GetHostEntryOrAddressesCoreAsync>b__33_0(Object s, Int64 startingTimestamp)
   at System.Net.Dns.<>c__DisplayClass39_0`1.<RunAsync>b__0(Task <p0>, Object <p1>)
   at System.Threading.Tasks.ContinuationResultTaskFromTask`1.InnerInvoke()
   at System.Threading.ExecutionContext.RunFromThreadPoolDispatchLoop(Thread threadPoolThread, ExecutionContext executionContext, ContextCallback callback, Object state)
--- End of stack trace from previous location ---
   at System.Threading.ExecutionContext.RunFromThreadPoolDispatchLoop(Thread threadPoolThread, ExecutionContext executionContext, ContextCallback callback, Object state)
   at System.Threading.Tasks.Task.ExecuteWithThreadLocal(Task& currentTaskSlot, Thread threadPoolThread)
--- End of stack trace from previous location ---
   at Npgsql.TaskTimeoutAndCancellation.ExecuteAsync(Func`2 getTaskFunc, NpgsqlTimeout timeout, CancellationToken cancellationToken)
   at Npgsql.TaskTimeoutAndCancellation.ExecuteAsync[TResult](Func`2 getTaskFunc, NpgsqlTimeout timeout, CancellationToken cancellationToken)
   at Npgsql.Internal.NpgsqlConnector.ConnectAsync(NpgsqlTimeout timeout, CancellationToken cancellationToken)
   at Npgsql.Internal.NpgsqlConnector.RawOpen(SslMode sslMode, NpgsqlTimeout timeout, Boolean async, CancellationToken cancellationToken)
   at Npgsql.Internal.NpgsqlConnector.<Open>g__OpenCore|214_1(NpgsqlConnector conn, SslMode sslMode, NpgsqlTimeout timeout, Boolean async, CancellationToken cancellationToken)
   at Npgsql.Internal.NpgsqlConnector.Open(NpgsqlTimeout timeout, Boolean async, CancellationToken cancellationToken)
   at Npgsql.PoolingDataSource.OpenNewConnector(NpgsqlConnection conn, NpgsqlTimeout timeout, Boolean async, CancellationToken cancellationToken)
   at Npgsql.PoolingDataSource.<Get>g__RentAsync|33_0(NpgsqlConnection conn, NpgsqlTimeout timeout, Boolean async, CancellationToken cancellationToken)
   at Npgsql.NpgsqlConnection.<Open>g__OpenAsync|42_0(Boolean async, CancellationToken cancellationToken)
   at OrchardCore.Data.DbConnectionValidator.ValidateAsync(DbConnectionValidatorContext context)
2025-10-25 07:35:08.3991||||Microsoft.Hosting.Lifetime|INFO|Application is shutting down... 
2025-10-25 07:35:16.9052|||14|Microsoft.Hosting.Lifetime|INFO|Now listening on: http://0.0.0.0:12000 
2025-10-25 07:35:16.9311||||Microsoft.Hosting.Lifetime|INFO|Application started. Press Ctrl+C to shut down. 
2025-10-25 07:35:16.9318||||Microsoft.Hosting.Lifetime|INFO|Hosting environment: Development 
2025-10-25 07:35:16.9318||||Microsoft.Hosting.Lifetime|INFO|Content root path: /workspace/project/duanxkld24-10/NhanVietSolution/NhanViet.Website 
2025-10-25 07:35:18.8736|None|00-cb7f7cb91cbffc8e54c47e5479ad7f3c-e89075553bb8a6c0-00|3|Microsoft.AspNetCore.HttpsPolicy.HttpsRedirectionMiddleware|WARN|Failed to determine the https port for redirect. 
2025-10-25 07:39:02.1904||||Microsoft.Hosting.Lifetime|INFO|Application is shutting down... 
2025-10-25 07:39:09.9213|||14|Microsoft.Hosting.Lifetime|INFO|Now listening on: http://0.0.0.0:12000 
2025-10-25 07:39:09.9496||||Microsoft.Hosting.Lifetime|INFO|Application started. Press Ctrl+C to shut down. 
2025-10-25 07:39:09.9503||||Microsoft.Hosting.Lifetime|INFO|Hosting environment: Development 
2025-10-25 07:39:09.9503||||Microsoft.Hosting.Lifetime|INFO|Content root path: /workspace/project/duanxkld24-10/NhanVietSolution/NhanViet.Website 
2025-10-25 07:39:12.4020|None|00-52e6109166332cd0f3d4accc292cd868-e74eb10242a4bbb9-00|3|Microsoft.AspNetCore.HttpsPolicy.HttpsRedirectionMiddleware|WARN|Failed to determine the https port for redirect. 
